#
# There is insufficient memory for the Java Runtime Environment to continue.
# Native memory allocation (malloc) failed to allocate 1407216 bytes. Error detail: Chunk::new
# Possible reasons:
#   The system is out of physical RAM or swap space
#   This process is running with CompressedOops enabled, and the Java Heap may be blocking the growth of the native heap
# Possible solutions:
#   Reduce memory load on the system
#   Increase physical memory or swap space
#   Check if swap backing store is full
#   Decrease Java heap size (-Xmx/-Xms)
#   Decrease number of Java threads
#   Decrease Java thread stack sizes (-Xss)
#   Set larger code cache with -XX:ReservedCodeCacheSize=
#   JVM is running with Unscaled Compressed Oops mode in which the Java heap is
#     placed in the first 4GB address space. The Java Heap base address is the
#     maximum limit for the native heap growth. Please use -XX:HeapBaseMinAddress
#     to set the Java Heap base and to place the Java Heap above 4GB virtual address.
# This output file may be truncated or incomplete.
#
#  Out of Memory Error (arena.cpp:162), pid=552, tid=2688
#
# JRE version: Java(TM) SE Runtime Environment (24.0.2+12) (build 24.0.2+12-54)
# Java VM: Java HotSpot(TM) 64-Bit Server VM (24.0.2+12-54, mixed mode, sharing, tiered, compressed oops, compressed class ptrs, g1 gc, windows-amd64)
# No core dump will be written. Minidumps are not enabled by default on client versions of Windows
#

---------------  S U M M A R Y ------------

Command Line: --enable-native-access=ALL-UNNAMED -Dclassworlds.conf=C:\Users\lunes\scoop\apps\maven\current\bin\m2.conf -Dmaven.home=C:\Users\lunes\scoop\apps\maven\current -Dlibrary.jansi.path=C:\Users\lunes\scoop\apps\maven\current\lib\jansi-native -Dmaven.multiModuleProjectDirectory=C:\Users\lunes\java-prog-group-3 org.codehaus.plexus.classworlds.launcher.Launcher clean compile exec:java

Host: Intel(R) Celeron(R) N4120 CPU @ 1.10GHz, 4 cores, 3G,  Windows 11 , 64 bit Build 22621 (10.0.22621.5262)
Time: Fri Sep  5 11:21:08 2025 Malay Peninsula Standard Time elapsed time: 8.105851 seconds (0d 0h 0m 8s)

---------------  T H R E A D  ---------------

Current thread (0x000001f7d1b519b0):  JavaThread "C2 CompilerThread0" daemon [_thread_in_native, id=2688, stack(0x0000004e48a00000,0x0000004e48b00000) (1024K)]


Current CompileTask:
C2:8106 4026   !   4       org.codehaus.plexus.interpolation.StringSearchInterpolator::interpolate (692 bytes)

Stack: [0x0000004e48a00000,0x0000004e48b00000]
Native frames: (J=compiled Java code, j=interpreted, Vv=VM code, C=native code)
V  [jvm.dll+0x730829]  (no source info available)
V  [jvm.dll+0x8d9da3]  (no source info available)
V  [jvm.dll+0x8dc28d]  (no source info available)
V  [jvm.dll+0x8dc903]  (no source info available)
V  [jvm.dll+0x2a9f56]  (no source info available)
V  [jvm.dll+0xced7f]  (no source info available)
V  [jvm.dll+0xcefdf]  (no source info available)
V  [jvm.dll+0x3f3642]  (no source info available)
V  [jvm.dll+0x3c0040]  (no source info available)
V  [jvm.dll+0x3bf4ca]  (no source info available)
V  [jvm.dll+0x26f637]  (no source info available)
V  [jvm.dll+0x26e8ff]  (no source info available)
V  [jvm.dll+0x1e9c90]  (no source info available)
V  [jvm.dll+0x27e0cb]  (no source info available)
V  [jvm.dll+0x27c36a]  (no source info available)
V  [jvm.dll+0x42f396]  (no source info available)
V  [jvm.dll+0x87d9eb]  (no source info available)
V  [jvm.dll+0x72ef45]  (no source info available)
C  [ucrtbase.dll+0x29333]  (no source info available)
C  [KERNEL32.DLL+0x1259d]  (no source info available)
C  [ntdll.dll+0x5af58]  (no source info available)

Lock stack of current Java thread (top to bottom):


---------------  P R O C E S S  ---------------

Threads class SMR info:
_java_thread_list=0x000001f817b549e0, length=12, elements={
0x000001f7b4842710, 0x000001f7d1b49690, 0x000001f7d1b4a480, 0x000001f7d1b4e670,
0x000001f7d1b4f4f0, 0x000001f7d1b50020, 0x000001f7d1b50b50, 0x000001f7d1b519b0,
0x000001f7d1b621c0, 0x000001f81707d6f0, 0x000001f817082c30, 0x000001f81808b0c0
}

Java Threads: ( => current thread )
  0x000001f7b4842710 JavaThread "main"                              [_thread_in_Java, id=6396, stack(0x0000004e47c00000,0x0000004e47d00000) (1024K)]
  0x000001f7d1b49690 JavaThread "Reference Handler"          daemon [_thread_blocked, id=6888, stack(0x0000004e48400000,0x0000004e48500000) (1024K)]
  0x000001f7d1b4a480 JavaThread "Finalizer"                  daemon [_thread_blocked, id=9984, stack(0x0000004e48500000,0x0000004e48600000) (1024K)]
  0x000001f7d1b4e670 JavaThread "Signal Dispatcher"          daemon [_thread_blocked, id=3992, stack(0x0000004e48600000,0x0000004e48700000) (1024K)]
  0x000001f7d1b4f4f0 JavaThread "Attach Listener"            daemon [_thread_blocked, id=8836, stack(0x0000004e48700000,0x0000004e48800000) (1024K)]
  0x000001f7d1b50020 JavaThread "Service Thread"             daemon [_thread_blocked, id=6192, stack(0x0000004e48800000,0x0000004e48900000) (1024K)]
  0x000001f7d1b50b50 JavaThread "Monitor Deflation Thread"   daemon [_thread_blocked, id=6708, stack(0x0000004e48900000,0x0000004e48a00000) (1024K)]
=>0x000001f7d1b519b0 JavaThread "C2 CompilerThread0"         daemon [_thread_in_native, id=2688, stack(0x0000004e48a00000,0x0000004e48b00000) (1024K)]
  0x000001f7d1b621c0 JavaThread "C1 CompilerThread0"         daemon [_thread_in_native, id=9316, stack(0x0000004e48b00000,0x0000004e48c00000) (1024K)]
  0x000001f81707d6f0 JavaThread "Notification Thread"        daemon [_thread_blocked, id=6528, stack(0x0000004e48c00000,0x0000004e48d00000) (1024K)]
  0x000001f817082c30 JavaThread "Common-Cleaner"             daemon [_thread_blocked, id=6796, stack(0x0000004e48d00000,0x0000004e48e00000) (1024K)]
  0x000001f81808b0c0 JavaThread "Thread-1"                   daemon [_thread_blocked, id=11144, stack(0x0000004e49100000,0x0000004e49200000) (1024K)]
Total: 12

Other Threads:
  0x000001f7b6bdb8e0 VMThread "VM Thread"                           [id=9204, stack(0x0000004e48300000,0x0000004e48400000) (1024K)]
  0x000001f7d1b3a2a0 WatcherThread "VM Periodic Task Thread"        [id=6692, stack(0x0000004e48200000,0x0000004e48300000) (1024K)]
  0x000001f7b6b542c0 WorkerThread "GC Thread#0"                     [id=8316, stack(0x0000004e47d00000,0x0000004e47e00000) (1024K)]
  0x000001f817c63710 WorkerThread "GC Thread#1"                     [id=5588, stack(0x0000004e48e00000,0x0000004e48f00000) (1024K)]
  0x000001f817df83c0 WorkerThread "GC Thread#2"                     [id=4080, stack(0x0000004e48f00000,0x0000004e49000000) (1024K)]
  0x000001f817dfc780 WorkerThread "GC Thread#3"                     [id=4016, stack(0x0000004e49000000,0x0000004e49100000) (1024K)]
  0x000001f7b6b5fdc0 ConcurrentGCThread "G1 Main Marker"            [id=2880, stack(0x0000004e47e00000,0x0000004e47f00000) (1024K)]
  0x000001f7b6b608d0 WorkerThread "G1 Conc#0"                       [id=5024, stack(0x0000004e47f00000,0x0000004e48000000) (1024K)]
  0x000001f7b6bbf8d0 ConcurrentGCThread "G1 Refine#0"               [id=3736, stack(0x0000004e48000000,0x0000004e48100000) (1024K)]
  0x000001f7b6bc2360 ConcurrentGCThread "G1 Service"                [id=11152, stack(0x0000004e48100000,0x0000004e48200000) (1024K)]
Total: 10

Threads with active compile tasks:
C2 CompilerThread0  8905 4026   !   4       org.codehaus.plexus.interpolation.StringSearchInterpolator::interpolate (692 bytes)
C1 CompilerThread0  8905 4208       3       jdk.internal.reflect.DirectMethodHandleAccessor::checkReceiver (63 bytes)
Total: 2

VM state: not at safepoint (normal execution)

VM Mutex/Monitor currently owned by a thread: None

Heap address: 0x00000000c2c00000, size: 980 MB, Compressed Oops mode: 32-bit

CDS archive(s) mapped at: [0x000001f7d2000000-0x000001f7d2d40000-0x000001f7d2d40000), size 13893632, SharedBaseAddress: 0x000001f7d2000000, ArchiveRelocationMode: 1.
Compressed class space mapped at: 0x000001f7d3000000-0x000001f813000000, reserved size: 1073741824
UseCompressedClassPointers 1, UseCompactObjectHeaders 0
Narrow klass pointer bits 32, Max shift 3
Narrow klass base: 0x000001f7d2000000, Narrow klass shift: 0
Encoding Range: [0x000001f7d2000000 - 0x000001f8d2000000), (4294967296 bytes)
Klass Range:    [0x000001f7d2000000 - 0x000001f813000000), (1090519040 bytes)
Klass ID Range:  [8 - 1090519033) (1090519025)

GC Precious Log:
 CardTable entry size: 512
 Card Set container configuration: InlinePtr #cards 5 size 8 Array Of Cards #cards 10 size 36 Howl #buckets 4 coarsen threshold 1843 Howl Bitmap #cards 512 size 80 coarsen threshold 460 Card regions per heap region 1 cards per card region 2048
 CPUs: 4 total, 4 available
 Memory: 3917M
 Large Page Support: Disabled
 NUMA Support: Disabled
 Compressed Oops: Enabled (32-bit)
 Heap Region Size: 1M
 Heap Min Capacity: 8M
 Heap Initial Capacity: 62M
 Heap Max Capacity: 980M
 Pre-touch: Disabled
 Parallel Workers: 4
 Concurrent Workers: 1
 Concurrent Refinement Workers: 4
 Periodic GC: Disabled

Heap:
 garbage-first heap   total reserved 1003520K, committed 65536K, used 12605K [0x00000000c2c00000, 0x0000000100000000)
  region size 1024K, 4 young (4096K), 2 survivors (2048K)
 Metaspace       used 16813K, committed 17088K, reserved 1114112K
  class space    used 1666K, committed 1792K, reserved 1048576K

Heap Regions: E=young(eden), S=young(survivor), O=old, HS=humongous(starts), HC=humongous(continues), CS=collection set, F=free, TAMS=top-at-mark-start, PB=parsable bottom
|   0|0x00000000c2c00000, 0x00000000c2d00000, 0x00000000c2d00000|100%| O|  |TAMS 0x00000000c2c00000| PB 0x00000000c2c00000| Untracked |  0
|   1|0x00000000c2d00000, 0x00000000c2e00000, 0x00000000c2e00000|100%| O|  |TAMS 0x00000000c2d00000| PB 0x00000000c2d00000| Untracked |  0
|   2|0x00000000c2e00000, 0x00000000c2f00000, 0x00000000c2f00000|100%| O|  |TAMS 0x00000000c2e00000| PB 0x00000000c2e00000| Untracked |  0
|   3|0x00000000c2f00000, 0x00000000c3000000, 0x00000000c3000000|100%| O|  |TAMS 0x00000000c2f00000| PB 0x00000000c2f00000| Untracked |  0
|   4|0x00000000c3000000, 0x00000000c3100000, 0x00000000c3100000|100%| O|  |TAMS 0x00000000c3000000| PB 0x00000000c3000000| Untracked |  0
|   5|0x00000000c3100000, 0x00000000c3200000, 0x00000000c3200000|100%| O|  |TAMS 0x00000000c3100000| PB 0x00000000c3100000| Untracked |  0
|   6|0x00000000c3200000, 0x00000000c3300000, 0x00000000c3300000|100%| O|  |TAMS 0x00000000c3200000| PB 0x00000000c3200000| Untracked |  0
|   7|0x00000000c3300000, 0x00000000c3400000, 0x00000000c3400000|100%| O|  |TAMS 0x00000000c3300000| PB 0x00000000c3300000| Untracked |  0
|   8|0x00000000c3400000, 0x00000000c3432220, 0x00000000c3500000| 19%| O|  |TAMS 0x00000000c3400000| PB 0x00000000c3400000| Untracked |  0
|   9|0x00000000c3500000, 0x00000000c3500000, 0x00000000c3600000|  0%| F|  |TAMS 0x00000000c3500000| PB 0x00000000c3500000| Untracked |  0
|  10|0x00000000c3600000, 0x00000000c3600000, 0x00000000c3700000|  0%| F|  |TAMS 0x00000000c3600000| PB 0x00000000c3600000| Untracked |  0
|  11|0x00000000c3700000, 0x00000000c3700000, 0x00000000c3800000|  0%| F|  |TAMS 0x00000000c3700000| PB 0x00000000c3700000| Untracked |  0
|  12|0x00000000c3800000, 0x00000000c3800000, 0x00000000c3900000|  0%| F|  |TAMS 0x00000000c3800000| PB 0x00000000c3800000| Untracked |  0
|  13|0x00000000c3900000, 0x00000000c3900000, 0x00000000c3a00000|  0%| F|  |TAMS 0x00000000c3900000| PB 0x00000000c3900000| Untracked |  0
|  14|0x00000000c3a00000, 0x00000000c3a00000, 0x00000000c3b00000|  0%| F|  |TAMS 0x00000000c3a00000| PB 0x00000000c3a00000| Untracked |  0
|  15|0x00000000c3b00000, 0x00000000c3b00000, 0x00000000c3c00000|  0%| F|  |TAMS 0x00000000c3b00000| PB 0x00000000c3b00000| Untracked |  0
|  16|0x00000000c3c00000, 0x00000000c3c00000, 0x00000000c3d00000|  0%| F|  |TAMS 0x00000000c3c00000| PB 0x00000000c3c00000| Untracked |  0
|  17|0x00000000c3d00000, 0x00000000c3d00000, 0x00000000c3e00000|  0%| F|  |TAMS 0x00000000c3d00000| PB 0x00000000c3d00000| Untracked |  0
|  18|0x00000000c3e00000, 0x00000000c3e00000, 0x00000000c3f00000|  0%| F|  |TAMS 0x00000000c3e00000| PB 0x00000000c3e00000| Untracked |  0
|  19|0x00000000c3f00000, 0x00000000c3f00000, 0x00000000c4000000|  0%| F|  |TAMS 0x00000000c3f00000| PB 0x00000000c3f00000| Untracked |  0
|  20|0x00000000c4000000, 0x00000000c4000000, 0x00000000c4100000|  0%| F|  |TAMS 0x00000000c4000000| PB 0x00000000c4000000| Untracked |  0
|  21|0x00000000c4100000, 0x00000000c4100000, 0x00000000c4200000|  0%| F|  |TAMS 0x00000000c4100000| PB 0x00000000c4100000| Untracked |  0
|  22|0x00000000c4200000, 0x00000000c4200000, 0x00000000c4300000|  0%| F|  |TAMS 0x00000000c4200000| PB 0x00000000c4200000| Untracked |  0
|  23|0x00000000c4300000, 0x00000000c4300000, 0x00000000c4400000|  0%| F|  |TAMS 0x00000000c4300000| PB 0x00000000c4300000| Untracked |  0
|  24|0x00000000c4400000, 0x00000000c4400000, 0x00000000c4500000|  0%| F|  |TAMS 0x00000000c4400000| PB 0x00000000c4400000| Untracked |  0
|  25|0x00000000c4500000, 0x00000000c4500000, 0x00000000c4600000|  0%| F|  |TAMS 0x00000000c4500000| PB 0x00000000c4500000| Untracked |  0
|  26|0x00000000c4600000, 0x00000000c4600000, 0x00000000c4700000|  0%| F|  |TAMS 0x00000000c4600000| PB 0x00000000c4600000| Untracked |  0
|  27|0x00000000c4700000, 0x00000000c4700000, 0x00000000c4800000|  0%| F|  |TAMS 0x00000000c4700000| PB 0x00000000c4700000| Untracked |  0
|  28|0x00000000c4800000, 0x00000000c4800000, 0x00000000c4900000|  0%| F|  |TAMS 0x00000000c4800000| PB 0x00000000c4800000| Untracked |  0
|  29|0x00000000c4900000, 0x00000000c4a00000, 0x00000000c4a00000|100%| S|CS|TAMS 0x00000000c4900000| PB 0x00000000c4900000| Complete |  0
|  30|0x00000000c4a00000, 0x00000000c4b00000, 0x00000000c4b00000|100%| S|CS|TAMS 0x00000000c4a00000| PB 0x00000000c4a00000| Complete |  0
|  31|0x00000000c4b00000, 0x00000000c4b00000, 0x00000000c4c00000|  0%| F|  |TAMS 0x00000000c4b00000| PB 0x00000000c4b00000| Untracked |  0
|  32|0x00000000c4c00000, 0x00000000c4c00000, 0x00000000c4d00000|  0%| F|  |TAMS 0x00000000c4c00000| PB 0x00000000c4c00000| Untracked |  0
|  33|0x00000000c4d00000, 0x00000000c4d00000, 0x00000000c4e00000|  0%| F|  |TAMS 0x00000000c4d00000| PB 0x00000000c4d00000| Untracked |  0
|  34|0x00000000c4e00000, 0x00000000c4e00000, 0x00000000c4f00000|  0%| F|  |TAMS 0x00000000c4e00000| PB 0x00000000c4e00000| Untracked |  0
|  35|0x00000000c4f00000, 0x00000000c4f00000, 0x00000000c5000000|  0%| F|  |TAMS 0x00000000c4f00000| PB 0x00000000c4f00000| Untracked |  0
|  36|0x00000000c5000000, 0x00000000c5000000, 0x00000000c5100000|  0%| F|  |TAMS 0x00000000c5000000| PB 0x00000000c5000000| Untracked |  0
|  37|0x00000000c5100000, 0x00000000c5100000, 0x00000000c5200000|  0%| F|  |TAMS 0x00000000c5100000| PB 0x00000000c5100000| Untracked |  0
|  38|0x00000000c5200000, 0x00000000c5200000, 0x00000000c5300000|  0%| F|  |TAMS 0x00000000c5200000| PB 0x00000000c5200000| Untracked |  0
|  39|0x00000000c5300000, 0x00000000c5300000, 0x00000000c5400000|  0%| F|  |TAMS 0x00000000c5300000| PB 0x00000000c5300000| Untracked |  0
|  40|0x00000000c5400000, 0x00000000c5400000, 0x00000000c5500000|  0%| F|  |TAMS 0x00000000c5400000| PB 0x00000000c5400000| Untracked |  0
|  41|0x00000000c5500000, 0x00000000c5500000, 0x00000000c5600000|  0%| F|  |TAMS 0x00000000c5500000| PB 0x00000000c5500000| Untracked |  0
|  42|0x00000000c5600000, 0x00000000c5600000, 0x00000000c5700000|  0%| F|  |TAMS 0x00000000c5600000| PB 0x00000000c5600000| Untracked |  0
|  43|0x00000000c5700000, 0x00000000c5700000, 0x00000000c5800000|  0%| F|  |TAMS 0x00000000c5700000| PB 0x00000000c5700000| Untracked |  0
|  44|0x00000000c5800000, 0x00000000c5800000, 0x00000000c5900000|  0%| F|  |TAMS 0x00000000c5800000| PB 0x00000000c5800000| Untracked |  0
|  45|0x00000000c5900000, 0x00000000c5900000, 0x00000000c5a00000|  0%| F|  |TAMS 0x00000000c5900000| PB 0x00000000c5900000| Untracked |  0
|  46|0x00000000c5a00000, 0x00000000c5a00000, 0x00000000c5b00000|  0%| F|  |TAMS 0x00000000c5a00000| PB 0x00000000c5a00000| Untracked |  0
|  47|0x00000000c5b00000, 0x00000000c5b00000, 0x00000000c5c00000|  0%| F|  |TAMS 0x00000000c5b00000| PB 0x00000000c5b00000| Untracked |  0
|  48|0x00000000c5c00000, 0x00000000c5c00000, 0x00000000c5d00000|  0%| F|  |TAMS 0x00000000c5c00000| PB 0x00000000c5c00000| Untracked |  0
|  49|0x00000000c5d00000, 0x00000000c5d00000, 0x00000000c5e00000|  0%| F|  |TAMS 0x00000000c5d00000| PB 0x00000000c5d00000| Untracked |  0
|  50|0x00000000c5e00000, 0x00000000c5e00000, 0x00000000c5f00000|  0%| F|  |TAMS 0x00000000c5e00000| PB 0x00000000c5e00000| Untracked |  0
|  51|0x00000000c5f00000, 0x00000000c5f00000, 0x00000000c6000000|  0%| F|  |TAMS 0x00000000c5f00000| PB 0x00000000c5f00000| Untracked |  0
|  52|0x00000000c6000000, 0x00000000c6000000, 0x00000000c6100000|  0%| F|  |TAMS 0x00000000c6000000| PB 0x00000000c6000000| Untracked |  0
|  53|0x00000000c6100000, 0x00000000c6100000, 0x00000000c6200000|  0%| F|  |TAMS 0x00000000c6100000| PB 0x00000000c6100000| Untracked |  0
|  54|0x00000000c6200000, 0x00000000c6200000, 0x00000000c6300000|  0%| F|  |TAMS 0x00000000c6200000| PB 0x00000000c6200000| Untracked |  0
|  55|0x00000000c6300000, 0x00000000c6300000, 0x00000000c6400000|  0%| F|  |TAMS 0x00000000c6300000| PB 0x00000000c6300000| Untracked |  0
|  56|0x00000000c6400000, 0x00000000c6400000, 0x00000000c6500000|  0%| F|  |TAMS 0x00000000c6400000| PB 0x00000000c6400000| Untracked |  0
|  57|0x00000000c6500000, 0x00000000c6500000, 0x00000000c6600000|  0%| F|  |TAMS 0x00000000c6500000| PB 0x00000000c6500000| Untracked |  0
|  58|0x00000000c6600000, 0x00000000c6600000, 0x00000000c6700000|  0%| F|  |TAMS 0x00000000c6600000| PB 0x00000000c6600000| Untracked |  0
|  59|0x00000000c6700000, 0x00000000c6700000, 0x00000000c6800000|  0%| F|  |TAMS 0x00000000c6700000| PB 0x00000000c6700000| Untracked |  0
|  60|0x00000000c6800000, 0x00000000c6880000, 0x00000000c6900000| 50%| E|  |TAMS 0x00000000c6800000| PB 0x00000000c6800000| Complete |  0
|  61|0x00000000c6900000, 0x00000000c6a00000, 0x00000000c6a00000|100%| E|CS|TAMS 0x00000000c6900000| PB 0x00000000c6900000| Complete |  0
| 978|0x00000000ffe00000, 0x00000000fff00000, 0x00000000fff00000|100%| O|  |TAMS 0x00000000ffe00000| PB 0x00000000ffe00000| Untracked |  0
| 979|0x00000000fff00000, 0x00000000fff1d248, 0x0000000100000000| 11%| O|  |TAMS 0x00000000fff00000| PB 0x00000000fff00000| Untracked |  0

Card table byte_map: [0x000001f7ce5b0000,0x000001f7ce7a0000] _byte_map_base: 0x000001f7cdf9a000

Marking Bits: (CMBitMap*) 0x000001f7b6b549d0
 Bits: [0x000001f7ce7a0000, 0x000001f7cf6f0000)

Polling page: 0x000001f7b4ba0000

Metaspace:

Usage:
  Non-class:     14.79 MB used.
      Class:      1.63 MB used.
       Both:     16.42 MB used.

Virtual space:
  Non-class space:       64.00 MB reserved,      14.94 MB ( 23%) committed,  1 nodes.
      Class space:        1.00 GB reserved,       1.75 MB ( <1%) committed,  1 nodes.
             Both:        1.06 GB reserved,      16.69 MB (  2%) committed. 

Chunk freelists:
   Non-Class:  208.00 KB
       Class:  14.24 MB
        Both:  14.44 MB

MaxMetaspaceSize: unlimited
CompressedClassSpaceSize: 1.00 GB
Initial GC threshold: 21.00 MB
Current GC threshold: 21.00 MB
CDS: on
 - commit_granule_bytes: 65536.
 - commit_granule_words: 8192.
 - virtual_space_node_default_size: 8388608.
 - enlarge_chunks_in_place: 1.
UseCompressedClassPointers 1, UseCompactObjectHeaders 0
Narrow klass pointer bits 32, Max shift 3
Narrow klass base: 0x000001f7d2000000, Narrow klass shift: 0
Encoding Range: [0x000001f7d2000000 - 0x000001f8d2000000), (4294967296 bytes)
Klass Range:    [0x000001f7d2000000 - 0x000001f813000000), (1090519040 bytes)
Klass ID Range:  [8 - 1090519033) (1090519025)


Internal statistics:

num_allocs_failed_limit: 0.
num_arena_births: 206.
num_arena_deaths: 0.
num_vsnodes_births: 2.
num_vsnodes_deaths: 0.
num_space_committed: 267.
num_space_uncommitted: 0.
num_chunks_returned_to_freelist: 0.
num_chunks_taken_from_freelist: 755.
num_chunk_merges: 0.
num_chunk_splits: 528.
num_chunks_enlarged: 425.
num_inconsistent_stats: 0.

CodeHeap 'non-profiled nmethods': size=120064Kb used=1413Kb max_used=1413Kb free=118650Kb
 bounds [0x000001f7c6e80000, 0x000001f7c70f0000, 0x000001f7ce3c0000]
CodeHeap 'profiled nmethods': size=120000Kb used=7148Kb max_used=7148Kb free=112851Kb
 bounds [0x000001f7bf3c0000, 0x000001f7bfac0000, 0x000001f7c68f0000]
CodeHeap 'non-nmethods': size=5696Kb used=1355Kb max_used=1419Kb free=4340Kb
 bounds [0x000001f7c68f0000, 0x000001f7c6b60000, 0x000001f7c6e80000]
CodeCache: size=245760Kb, used=9916Kb, max_used=9980Kb, free=235841Kb
 total_blobs=4735, nmethods=4209, adapters=432, full_count=0
Compilation: enabled, stopped_count=0, restarted_count=0

Compilation events (20 events):
Event: 8.012 Thread 0x000001f7d1b621c0 4092       1       org.apache.maven.artifact.DefaultArtifact::getGroupId (5 bytes)
Event: 8.012 Thread 0x000001f7d1b621c0 nmethod 4092 0x000001f7c6fdde88 code [0x000001f7c6fddf80, 0x000001f7c6fde048]
Event: 8.012 Thread 0x000001f7d1b621c0 4094       3       java.util.StringTokenizer::skipDelimiters (116 bytes)
Event: 8.013 Thread 0x000001f7d1b621c0 nmethod 4094 0x000001f7bfa7b708 code [0x000001f7bfa7b900, 0x000001f7bfa7c588]
Event: 8.013 Thread 0x000001f7d1b621c0 4093       1       org.apache.maven.artifact.DefaultArtifact::getArtifactId (5 bytes)
Event: 8.014 Thread 0x000001f7d1b621c0 nmethod 4093 0x000001f7c6fde188 code [0x000001f7c6fde280, 0x000001f7c6fde348]
Event: 8.014 Thread 0x000001f7d1b621c0 4095       1       org.apache.maven.artifact.DefaultArtifact::getType (5 bytes)
Event: 8.014 Thread 0x000001f7d1b621c0 nmethod 4095 0x000001f7c6fde488 code [0x000001f7c6fde580, 0x000001f7c6fde648]
Event: 8.019 Thread 0x000001f7d1b621c0 4096       3       java.util.concurrent.locks.ReentrantLock$NonfairSync::<init> (5 bytes)
Event: 8.019 Thread 0x000001f7d1b621c0 nmethod 4096 0x000001f7bfa7c608 code [0x000001f7bfa7c740, 0x000001f7bfa7c9c0]
Event: 8.019 Thread 0x000001f7d1b621c0 4097       3       java.util.concurrent.locks.ReentrantLock$Sync::<init> (5 bytes)
Event: 8.020 Thread 0x000001f7d1b621c0 nmethod 4097 0x000001f7bfa7ca08 code [0x000001f7bfa7cb20, 0x000001f7bfa7cd40]
Event: 8.020 Thread 0x000001f7d1b621c0 4098       3       java.util.stream.ReferencePipeline$StatelessOp::<init> (29 bytes)
Event: 8.020 Thread 0x000001f7d1b621c0 nmethod 4098 0x000001f7bfa7cd88 code [0x000001f7bfa7cea0, 0x000001f7bfa7d058]
Event: 8.021 Thread 0x000001f7d1b621c0 4099       3       com.google.common.collect.RegularImmutableSet::iterator (5 bytes)
Event: 8.022 Thread 0x000001f7d1b621c0 nmethod 4099 0x000001f7bfa7d088 code [0x000001f7bfa7d220, 0x000001f7bfa7d990]
Event: 8.022 Thread 0x000001f7d1b621c0 4100       3       com.google.common.collect.RegularImmutableSet::iterator (8 bytes)
Event: 8.022 Thread 0x000001f7d1b621c0 nmethod 4100 0x000001f7bfa7da08 code [0x000001f7bfa7dba0, 0x000001f7bfa7e228]
Event: 8.022 Thread 0x000001f7d1b621c0 4101       3       sun.reflect.annotation.TypeAnnotationParser::buildAnnotatedType (113 bytes)
Event: 8.023 Thread 0x000001f7d1b621c0 nmethod 4101 0x000001f7bfa7e288 code [0x000001f7bfa7e460, 0x000001f7bfa7ee58]

GC Heap History (6 events):
Event: 3.038 GC heap before
{Heap before GC invocations=0 (full 0):
 garbage-first heap   total reserved 1003520K, committed 65536K, used 29812K [0x00000000c2c00000, 0x0000000100000000)
  region size 1024K, 28 young (28672K), 0 survivors (0K)
 Metaspace       used 6295K, committed 6464K, reserved 1114112K
  class space    used 560K, committed 640K, reserved 1048576K
}
Event: 3.058 GC heap after
{Heap after GC invocations=1 (full 0):
 garbage-first heap   total reserved 1003520K, committed 65536K, used 4596K [0x00000000c2c00000, 0x0000000100000000)
  region size 1024K, 4 young (4096K), 4 survivors (4096K)
 Metaspace       used 6295K, committed 6464K, reserved 1114112K
  class space    used 560K, committed 640K, reserved 1048576K
}
Event: 4.392 GC heap before
{Heap before GC invocations=1 (full 0):
 garbage-first heap   total reserved 1003520K, committed 65536K, used 31220K [0x00000000c2c00000, 0x0000000100000000)
  region size 1024K, 30 young (30720K), 4 survivors (4096K)
 Metaspace       used 11248K, committed 11456K, reserved 1114112K
  class space    used 1063K, committed 1152K, reserved 1048576K
}
Event: 4.405 GC heap after
{Heap after GC invocations=2 (full 0):
 garbage-first heap   total reserved 1003520K, committed 65536K, used 6528K [0x00000000c2c00000, 0x0000000100000000)
  region size 1024K, 3 young (3072K), 3 survivors (3072K)
 Metaspace       used 11248K, committed 11456K, reserved 1114112K
  class space    used 1063K, committed 1152K, reserved 1048576K
}
Event: 6.384 GC heap before
{Heap before GC invocations=2 (full 0):
 garbage-first heap   total reserved 1003520K, committed 65536K, used 38272K [0x00000000c2c00000, 0x0000000100000000)
  region size 1024K, 34 young (34816K), 3 survivors (3072K)
 Metaspace       used 15546K, committed 15808K, reserved 1114112K
  class space    used 1548K, committed 1664K, reserved 1048576K
}
Event: 6.402 GC heap after
{Heap after GC invocations=3 (full 0):
 garbage-first heap   total reserved 1003520K, committed 65536K, used 9528K [0x00000000c2c00000, 0x0000000100000000)
  region size 1024K, 5 young (5120K), 5 survivors (5120K)
 Metaspace       used 15546K, committed 15808K, reserved 1114112K
  class space    used 1548K, committed 1664K, reserved 1048576K
}

Dll operation events (8 events):
Event: 0.014 Loaded shared library C:\Program Files\Java\jdk-24\bin\java.dll
Event: 0.062 Loaded shared library C:\Program Files\Java\jdk-24\bin\jsvml.dll
Event: 0.095 Loaded shared library C:\Program Files\Java\jdk-24\bin\net.dll
Event: 0.127 Loaded shared library C:\Program Files\Java\jdk-24\bin\nio.dll
Event: 0.157 Loaded shared library C:\Program Files\Java\jdk-24\bin\zip.dll
Event: 1.300 Loaded shared library C:\Program Files\Java\jdk-24\bin\jimage.dll
Event: 1.314 Loaded shared library C:\Users\lunes\scoop\apps\maven\3.9.11\lib\jansi-native\Windows\x86_64\jansi.dll
Event: 1.363 Loaded shared library C:\Program Files\Java\jdk-24\bin\verify.dll

Deoptimization events (20 events):
Event: 7.120 Thread 0x000001f7b4842710 DEOPT PACKING pc=0x000001f7c6f4a19c sp=0x0000004e47cfdb70
Event: 7.120 Thread 0x000001f7b4842710 DEOPT UNPACKING pc=0x000001f7c6a0567c sp=0x0000004e47cfdaf8 mode 2
Event: 7.120 Thread 0x000001f7b4842710 Uncommon trap: trap_request=0xffffffc6 fr.pc=0x000001f7c6f4a19c relative=0x000000000000007c
Event: 7.120 Thread 0x000001f7b4842710 Uncommon trap: reason=bimorphic_or_optimized_type_check action=maybe_recompile pc=0x000001f7c6f4a19c method=com.google.inject.internal.LinkedBindingImpl.acceptTargetVisitor(Lcom/google/inject/spi/BindingTargetVisitor;)Ljava/lang/Object; @ 2 c2
Event: 7.121 Thread 0x000001f7b4842710 DEOPT PACKING pc=0x000001f7c6f4a19c sp=0x0000004e47cfdb70
Event: 7.121 Thread 0x000001f7b4842710 DEOPT UNPACKING pc=0x000001f7c6a0567c sp=0x0000004e47cfdaf8 mode 2
Event: 7.145 Thread 0x000001f7b4842710 Uncommon trap: trap_request=0xffffffc6 fr.pc=0x000001f7c6f4a19c relative=0x000000000000007c
Event: 7.145 Thread 0x000001f7b4842710 Uncommon trap: reason=bimorphic_or_optimized_type_check action=maybe_recompile pc=0x000001f7c6f4a19c method=com.google.inject.internal.LinkedBindingImpl.acceptTargetVisitor(Lcom/google/inject/spi/BindingTargetVisitor;)Ljava/lang/Object; @ 2 c2
Event: 7.145 Thread 0x000001f7b4842710 DEOPT PACKING pc=0x000001f7c6f4a19c sp=0x0000004e47cfdb70
Event: 7.145 Thread 0x000001f7b4842710 DEOPT UNPACKING pc=0x000001f7c6a0567c sp=0x0000004e47cfdaf8 mode 2
Event: 7.145 Thread 0x000001f7b4842710 Uncommon trap: trap_request=0xffffffc6 fr.pc=0x000001f7c6f4a19c relative=0x000000000000007c
Event: 7.145 Thread 0x000001f7b4842710 Uncommon trap: reason=bimorphic_or_optimized_type_check action=maybe_recompile pc=0x000001f7c6f4a19c method=com.google.inject.internal.LinkedBindingImpl.acceptTargetVisitor(Lcom/google/inject/spi/BindingTargetVisitor;)Ljava/lang/Object; @ 2 c2
Event: 7.145 Thread 0x000001f7b4842710 DEOPT PACKING pc=0x000001f7c6f4a19c sp=0x0000004e47cfdb70
Event: 7.145 Thread 0x000001f7b4842710 DEOPT UNPACKING pc=0x000001f7c6a0567c sp=0x0000004e47cfdaf8 mode 2
Event: 7.936 Thread 0x000001f7b4842710 DEOPT PACKING pc=0x000001f7bf8a4cc4 sp=0x0000004e47cfcdc0
Event: 7.936 Thread 0x000001f7b4842710 DEOPT UNPACKING pc=0x000001f7c6945783 sp=0x0000004e47cfc318 mode 0
Event: 8.017 Thread 0x000001f7b4842710 Uncommon trap: trap_request=0xffffff4d fr.pc=0x000001f7c6ec15c8 relative=0x0000000000000088
Event: 8.017 Thread 0x000001f7b4842710 Uncommon trap: reason=unstable_if action=reinterpret pc=0x000001f7c6ec15c8 method=sun.net.www.ParseUtil.firstEncodeIndex(Ljava/lang/String;)I @ 51 c2
Event: 8.017 Thread 0x000001f7b4842710 DEOPT PACKING pc=0x000001f7c6ec15c8 sp=0x0000004e47cfdb30
Event: 8.017 Thread 0x000001f7b4842710 DEOPT UNPACKING pc=0x000001f7c6a0567c sp=0x0000004e47cfdab8 mode 2

Classes loaded (20 events):
Event: 7.172 Loading class java/net/URISyntaxException
Event: 7.172 Loading class java/net/URISyntaxException done
Event: 7.178 Loading class java/time/format/DateTimeParseException
Event: 7.180 Loading class java/time/DateTimeException
Event: 7.183 Loading class java/time/DateTimeException done
Event: 7.183 Loading class java/time/format/DateTimeParseException done
Event: 7.188 Loading class java/time/zone/ZoneRulesProvider
Event: 7.188 Loading class java/time/zone/ZoneRulesProvider done
Event: 7.188 Loading class java/time/zone/TzdbZoneRulesProvider
Event: 7.188 Loading class java/time/zone/TzdbZoneRulesProvider done
Event: 7.191 Loading class java/time/zone/Ser
Event: 7.192 Loading class java/io/Externalizable
Event: 7.192 Loading class java/io/Externalizable done
Event: 7.192 Loading class java/time/zone/Ser done
Event: 7.193 Loading class java/time/zone/ZoneOffsetTransition
Event: 7.193 Loading class java/time/zone/ZoneOffsetTransition done
Event: 7.194 Loading class java/time/Year
Event: 7.194 Loading class java/time/Year done
Event: 7.207 Loading class jdk/internal/reflect/MethodHandleBooleanFieldAccessorImpl
Event: 7.208 Loading class jdk/internal/reflect/MethodHandleBooleanFieldAccessorImpl done

Classes unloaded (0 events):
No events

Classes redefined (0 events):
No events

Internal exceptions (20 events):
Event: 4.322 Thread 0x000001f7b4842710 Exception <a 'java/lang/NoSuchMethodError'{0x00000000c5180900}: 'java.lang.Object java.lang.invoke.Invokers$Holder.invokeExact_MT(java.lang.Object, int, java.lang.Object)'> (0x00000000c5180900) 
thrown [s\open\src\hotspot\share\interpreter\linkResolver.cpp, line 805]
Event: 4.704 Thread 0x000001f7b4842710 Exception <a 'java/lang/NoSuchMethodError'{0x00000000c6367840}: 'void java.lang.invoke.Invokers$Holder.invokeExact_MT(java.lang.Object, java.lang.Object, java.lang.Object, java.lang.Object)'> (0x00000000c6367840) 
thrown [s\open\src\hotspot\share\interpreter\linkResolver.cpp, line 805]
Event: 4.735 Thread 0x000001f7b4842710 Exception <a 'java/lang/NoClassDefFoundError'{0x00000000c6207078}: com/google/inject/servlet/ServletModuleTargetVisitor> (0x00000000c6207078) 
thrown [s\open\src\hotspot\share\classfile\systemDictionary.cpp, line 316]
Event: 4.840 Thread 0x000001f7b4842710 Exception <a 'java/lang/NoSuchMethodError'{0x00000000c61be9f0}: 'void java.lang.invoke.DirectMethodHandle$Holder.invokeVirtual(java.lang.Object, java.lang.Object)'> (0x00000000c61be9f0) 
thrown [s\open\src\hotspot\share\interpreter\linkResolver.cpp, line 805]
Event: 5.049 Thread 0x000001f7b4842710 Exception <a 'java/lang/NoSuchMethodError'{0x00000000c605c830}: 'java.lang.Object java.lang.invoke.DirectMethodHandle$Holder.invokeStaticInit(java.lang.Object, int, int, int, int)'> (0x00000000c605c830) 
thrown [s\open\src\hotspot\share\interpreter\linkResolver.cpp, line 805]
Event: 5.295 Thread 0x000001f7b4842710 Exception <a 'java/lang/NoSuchMethodError'{0x00000000c5cec2c0}: 'void java.lang.invoke.DirectMethodHandle$Holder.invokeSpecial(java.lang.Object, java.lang.Object, java.lang.Object, java.lang.Object, java.lang.Object)'> (0x00000000c5cec2c0) 
thrown [s\open\src\hotspot\share\interpreter\linkResolver.cpp, line 805]
Event: 5.300 Thread 0x000001f7b4842710 Exception <a 'java/lang/NoSuchMethodError'{0x00000000c5b24358}: 'java.lang.Object java.lang.invoke.DirectMethodHandle$Holder.invokeVirtual(java.lang.Object, java.lang.Object, java.lang.Object)'> (0x00000000c5b24358) 
thrown [s\open\src\hotspot\share\interpreter\linkResolver.cpp, line 805]
Event: 5.304 Thread 0x000001f7b4842710 Exception <a 'java/lang/NoSuchMethodError'{0x00000000c5b4a8e0}: 'void java.lang.invoke.DirectMethodHandle$Holder.invokeSpecial(java.lang.Object, java.lang.Object, java.lang.Object, java.lang.Object, java.lang.Object, java.lang.Object)'> (0x00000000c5b4a8e0) 
thrown [s\open\src\hotspot\share\interpreter\linkResolver.cpp, line 805]
Event: 5.364 Thread 0x000001f7b4842710 Exception <a 'java/lang/NoSuchMethodError'{0x00000000c5a6a0b8}: 'void java.lang.invoke.DirectMethodHandle$Holder.invokeVirtual(java.lang.Object, java.lang.Object, int)'> (0x00000000c5a6a0b8) 
thrown [s\open\src\hotspot\share\interpreter\linkResolver.cpp, line 805]
Event: 5.365 Thread 0x000001f7b4842710 Exception <a 'java/lang/NoSuchMethodError'{0x00000000c5a72870}: 'void java.lang.invoke.DirectMethodHandle$Holder.invokeSpecial(java.lang.Object, java.lang.Object, java.lang.Object, int)'> (0x00000000c5a72870) 
thrown [s\open\src\hotspot\share\interpreter\linkResolver.cpp, line 805]
Event: 5.366 Thread 0x000001f7b4842710 Exception <a 'java/lang/NoSuchMethodError'{0x00000000c5a7abd0}: 'void java.lang.invoke.DelegatingMethodHandle$Holder.reinvoke_L(java.lang.Object, java.lang.Object, int)'> (0x00000000c5a7abd0) 
thrown [s\open\src\hotspot\share\interpreter\linkResolver.cpp, line 805]
Event: 6.146 Thread 0x000001f7b4842710 Implicit null exception at 0x000001f7c6f152e8 to 0x000001f7c6f154b4
Event: 6.146 Thread 0x000001f7b4842710 Implicit null exception at 0x000001f7c6f6d279 to 0x000001f7c6f6d8d0
Event: 6.146 Thread 0x000001f7b4842710 Implicit null exception at 0x000001f7c6f2b368 to 0x000001f7c6f2b540
Event: 6.146 Thread 0x000001f7b4842710 Implicit null exception at 0x000001f7c6f0951d to 0x000001f7c6f09599
Event: 6.799 Thread 0x000001f7b4842710 Implicit null exception at 0x000001f7c6fa69f9 to 0x000001f7c6fa6b3c
Event: 6.799 Thread 0x000001f7b4842710 Implicit null exception at 0x000001f7c6f9edc5 to 0x000001f7c6f9efac
Event: 6.850 Thread 0x000001f7b4842710 Exception <a 'java/lang/NoSuchMethodError'{0x00000000c5c50708}: 'java.lang.Object java.lang.invoke.DirectMethodHandle$Holder.newInvokeSpecial(java.lang.Object, java.lang.Object, java.lang.Object, java.lang.Object, java.lang.Object, java.lang.Object, java.lang.Object)'> (0x00000000c5c50708) 
thrown [s\open\src\hotspot\share\interpreter\linkResolver.cpp, line 805]
Event: 7.159 Thread 0x000001f7b4842710 Exception <a 'java/lang/NoSuchMethodError'{0x00000000c572d338}: 'int java.lang.invoke.DirectMethodHandle$Holder.invokeVirtual(java.lang.Object, java.lang.Object)'> (0x00000000c572d338) 
thrown [s\open\src\hotspot\share\interpreter\linkResolver.cpp, line 805]
Event: 7.218 Thread 0x000001f7b4842710 Exception <a 'java/lang/NoSuchMethodError'{0x00000000c56d3938}: 'void java.lang.invoke.DirectMethodHandle$Holder.invokeInterface(java.lang.Object, java.lang.Object, java.lang.Object)'> (0x00000000c56d3938) 
thrown [s\open\src\hotspot\share\interpreter\linkResolver.cpp, line 805]

VM Operations (20 events):
Event: 4.392 Executing VM operation: G1CollectForAllocation (G1 Evacuation Pause)
Event: 4.405 Executing VM operation: G1CollectForAllocation (G1 Evacuation Pause) done
Event: 4.482 Executing VM operation: HandshakeAllThreads (Deoptimize)
Event: 4.482 Executing VM operation: HandshakeAllThreads (Deoptimize) done
Event: 4.694 Executing VM operation: HandshakeAllThreads (Deoptimize)
Event: 4.694 Executing VM operation: HandshakeAllThreads (Deoptimize) done
Event: 4.871 Executing VM operation: HandshakeAllThreads (Deoptimize)
Event: 4.871 Executing VM operation: HandshakeAllThreads (Deoptimize) done
Event: 5.084 Executing VM operation: HandshakeAllThreads (Deoptimize)
Event: 5.084 Executing VM operation: HandshakeAllThreads (Deoptimize) done
Event: 5.137 Executing VM operation: HandshakeAllThreads (Deoptimize)
Event: 5.137 Executing VM operation: HandshakeAllThreads (Deoptimize) done
Event: 5.171 Executing VM operation: HandshakeAllThreads (Deoptimize)
Event: 5.171 Executing VM operation: HandshakeAllThreads (Deoptimize) done
Event: 5.219 Executing VM operation: HandshakeAllThreads (Deoptimize)
Event: 5.219 Executing VM operation: HandshakeAllThreads (Deoptimize) done
Event: 5.224 Executing VM operation: HandshakeAllThreads (Deoptimize)
Event: 5.225 Executing VM operation: HandshakeAllThreads (Deoptimize) done
Event: 6.384 Executing VM operation: G1CollectForAllocation (G1 Evacuation Pause)
Event: 6.402 Executing VM operation: G1CollectForAllocation (G1 Evacuation Pause) done

Memory protections (0 events):
No events

Nmethod flushes (0 events):
No events

Events (14 events):
Event: 0.039 Thread 0x000001f7b4842710 Thread added: 0x000001f7b4842710
Event: 0.058 Thread 0x000001f7b4842710 Thread added: 0x000001f7d1b49690
Event: 0.059 Thread 0x000001f7b4842710 Thread added: 0x000001f7d1b4a480
Event: 0.059 Thread 0x000001f7b4842710 Thread added: 0x000001f7d1b4e670
Event: 0.059 Thread 0x000001f7b4842710 Thread added: 0x000001f7d1b4f4f0
Event: 0.059 Thread 0x000001f7b4842710 Thread added: 0x000001f7d1b50020
Event: 0.060 Thread 0x000001f7b4842710 Thread added: 0x000001f7d1b50b50
Event: 0.060 Thread 0x000001f7b4842710 Thread added: 0x000001f7d1b519b0
Event: 0.060 Thread 0x000001f7b4842710 Thread added: 0x000001f7d1b621c0
Event: 0.077 Thread 0x000001f7b4842710 Thread added: 0x000001f81707d6f0
Event: 0.081 Thread 0x000001f7b4842710 Thread added: 0x000001f817082c30
Event: 1.297 Thread 0x000001f7b4842710 Thread added: 0x000001f8172a0860
Event: 1.343 Thread 0x000001f8172a0860 Thread exited: 0x000001f8172a0860
Event: 5.165 Thread 0x000001f7b4842710 Thread added: 0x000001f81808b0c0


Dynamic libraries:
0x00007ff73bab0000 - 0x00007ff73bac0000 	C:\Program Files\Java\jdk-24\bin\java.exe
0x00007ff86e970000 - 0x00007ff86eb87000 	C:\WINDOWS\SYSTEM32\ntdll.dll
0x00007ff86d030000 - 0x00007ff86d0f4000 	C:\WINDOWS\System32\KERNEL32.DLL
0x00007ff86bf00000 - 0x00007ff86c2d3000 	C:\WINDOWS\System32\KERNELBASE.dll
0x00007ff86c450000 - 0x00007ff86c561000 	C:\WINDOWS\System32\ucrtbase.dll
0x00007ff856fe0000 - 0x00007ff856ffb000 	C:\Program Files\Java\jdk-24\bin\VCRUNTIME140.dll
0x00007ff854a30000 - 0x00007ff854a46000 	C:\Program Files\Java\jdk-24\bin\jli.dll
0x00007ff86d1c0000 - 0x00007ff86d371000 	C:\WINDOWS\System32\USER32.dll
0x00007ff854fd0000 - 0x00007ff85526b000 	C:\WINDOWS\WinSxS\amd64_microsoft.windows.common-controls_6595b64144ccf1df_6.0.22621.5262_none_2712bde373830908\COMCTL32.dll
0x00007ff86c2e0000 - 0x00007ff86c306000 	C:\WINDOWS\System32\win32u.dll
0x00007ff86d710000 - 0x00007ff86d7b7000 	C:\WINDOWS\System32\msvcrt.dll
0x00007ff86d5d0000 - 0x00007ff86d5f9000 	C:\WINDOWS\System32\GDI32.dll
0x00007ff86ba70000 - 0x00007ff86bb92000 	C:\WINDOWS\System32\gdi32full.dll
0x00007ff86c570000 - 0x00007ff86c60a000 	C:\WINDOWS\System32\msvcp_win.dll
0x00007ff86d180000 - 0x00007ff86d1b1000 	C:\WINDOWS\System32\IMM32.DLL
0x00007ff867ee0000 - 0x00007ff867eec000 	C:\Program Files\Java\jdk-24\bin\vcruntime140_1.dll
0x00007ff8677a0000 - 0x00007ff86782e000 	C:\Program Files\Java\jdk-24\bin\msvcp140.dll
0x00007ffff9c00000 - 0x00007ffffa9a1000 	C:\Program Files\Java\jdk-24\bin\server\jvm.dll
0x00007ff86e870000 - 0x00007ff86e921000 	C:\WINDOWS\System32\ADVAPI32.dll
0x00007ff86d7d0000 - 0x00007ff86d877000 	C:\WINDOWS\System32\sechost.dll
0x00007ff86bba0000 - 0x00007ff86bbc8000 	C:\WINDOWS\System32\bcrypt.dll
0x00007ff86e660000 - 0x00007ff86e774000 	C:\WINDOWS\System32\RPCRT4.dll
0x00007ff86e780000 - 0x00007ff86e7f1000 	C:\WINDOWS\System32\WS2_32.dll
0x00007ff86b950000 - 0x00007ff86b99d000 	C:\WINDOWS\SYSTEM32\POWRPROF.dll
0x00007ff863ed0000 - 0x00007ff863f04000 	C:\WINDOWS\SYSTEM32\WINMM.dll
0x00007ff866710000 - 0x00007ff86671a000 	C:\WINDOWS\SYSTEM32\VERSION.dll
0x00007ff86b930000 - 0x00007ff86b943000 	C:\WINDOWS\SYSTEM32\UMPDC.dll
0x00007ff86aab0000 - 0x00007ff86aac8000 	C:\WINDOWS\SYSTEM32\kernel.appcore.dll
0x00007ff853900000 - 0x00007ff85390a000 	C:\Program Files\Java\jdk-24\bin\jimage.dll
0x00007ff869680000 - 0x00007ff8698b2000 	C:\WINDOWS\SYSTEM32\DBGHELP.DLL
0x00007ff86e2c0000 - 0x00007ff86e653000 	C:\WINDOWS\System32\combase.dll
0x00007ff86de10000 - 0x00007ff86dee7000 	C:\WINDOWS\System32\OLEAUT32.dll
0x00007ff847980000 - 0x00007ff8479b2000 	C:\WINDOWS\SYSTEM32\dbgcore.DLL
0x00007ff86c310000 - 0x00007ff86c38b000 	C:\WINDOWS\System32\bcryptPrimitives.dll
0x00007ff856fc0000 - 0x00007ff856fde000 	C:\Program Files\Java\jdk-24\bin\java.dll
0x00007ff86e100000 - 0x00007ff86e2a1000 	C:\WINDOWS\System32\ole32.dll
0x00007ff86c610000 - 0x00007ff86cead000 	C:\WINDOWS\System32\SHELL32.dll
0x00007ff86bc50000 - 0x00007ff86bd8f000 	C:\WINDOWS\System32\wintypes.dll
0x00007ff8699b0000 - 0x00007ff86a2cd000 	C:\WINDOWS\SYSTEM32\windows.storage.dll
0x00007ff86d600000 - 0x00007ff86d70b000 	C:\WINDOWS\System32\SHCORE.dll
0x00007ff86d3a0000 - 0x00007ff86d406000 	C:\WINDOWS\System32\shlwapi.dll
0x00007ff86b9a0000 - 0x00007ff86b9cb000 	C:\WINDOWS\SYSTEM32\profapi.dll
0x00007ff82eac0000 - 0x00007ff82eb97000 	C:\Program Files\Java\jdk-24\bin\jsvml.dll
0x00007ff84c450000 - 0x00007ff84c460000 	C:\Program Files\Java\jdk-24\bin\net.dll
0x00007ff86af30000 - 0x00007ff86af9a000 	C:\WINDOWS\system32\mswsock.dll
0x00007ff845810000 - 0x00007ff845826000 	C:\Program Files\Java\jdk-24\bin\nio.dll
0x00007ff83da80000 - 0x00007ff83da97000 	C:\Program Files\Java\jdk-24\bin\zip.dll
0x00007ff854a00000 - 0x00007ff854a24000 	C:\Users\lunes\scoop\apps\maven\3.9.11\lib\jansi-native\Windows\x86_64\jansi.dll
0x00007ff856fb0000 - 0x00007ff856fc0000 	C:\Program Files\Java\jdk-24\bin\verify.dll

JVMTI agents: none

dbghelp: loaded successfully - version: 4.0.5 - missing functions: none
symbol engine: initialized successfully - sym options: 0x614 - pdb path: .;C:\Program Files\Java\jdk-24\bin;C:\WINDOWS\SYSTEM32;C:\WINDOWS\WinSxS\amd64_microsoft.windows.common-controls_6595b64144ccf1df_6.0.22621.5262_none_2712bde373830908;C:\Program Files\Java\jdk-24\bin\server;C:\Users\lunes\scoop\apps\maven\3.9.11\lib\jansi-native\Windows\x86_64

VM Arguments:
jvm_args: --enable-native-access=ALL-UNNAMED -Dclassworlds.conf=C:\Users\lunes\scoop\apps\maven\current\bin\m2.conf -Dmaven.home=C:\Users\lunes\scoop\apps\maven\current -Dlibrary.jansi.path=C:\Users\lunes\scoop\apps\maven\current\lib\jansi-native -Dmaven.multiModuleProjectDirectory=C:\Users\lunes\java-prog-group-3 
java_command: org.codehaus.plexus.classworlds.launcher.Launcher clean compile exec:java
java_class_path (initial): C:\Users\lunes\scoop\apps\maven\current\boot\plexus-classworlds-2.9.0.jar
Launcher Type: SUN_STANDARD

[Global flags]
     intx CICompilerCount                          = 3                                         {product} {ergonomic}
     uint ConcGCThreads                            = 1                                         {product} {ergonomic}
     uint G1ConcRefinementThreads                  = 4                                         {product} {ergonomic}
   size_t G1HeapRegionSize                         = 1048576                                   {product} {ergonomic}
   size_t InitialHeapSize                          = 65011712                                  {product} {ergonomic}
   size_t MarkStackSize                            = 4194304                                   {product} {ergonomic}
   size_t MarkStackSizeMax                         = 536870912                                 {product} {ergonomic}
   size_t MaxHeapSize                              = 1027604480                                {product} {ergonomic}
   size_t MaxNewSize                               = 616562688                                 {product} {ergonomic}
   size_t MinHeapDeltaBytes                        = 1048576                                   {product} {ergonomic}
   size_t MinHeapSize                              = 8388608                                   {product} {ergonomic}
    uintx NonNMethodCodeHeapSize                   = 5832704                                {pd product} {ergonomic}
    uintx NonProfiledCodeHeapSize                  = 122945536                              {pd product} {ergonomic}
    uintx ProfiledCodeHeapSize                     = 122880000                              {pd product} {ergonomic}
    uintx ReservedCodeCacheSize                    = 251658240                              {pd product} {ergonomic}
     bool SegmentedCodeCache                       = true                                      {product} {ergonomic}
   size_t SoftMaxHeapSize                          = 1027604480                             {manageable} {ergonomic}
     bool UseCompressedOops                        = true                           {product lp64_product} {ergonomic}
     bool UseG1GC                                  = true                                      {product} {ergonomic}
     bool UseLargePagesIndividualAllocation        = false                                  {pd product} {ergonomic}

Logging:
Log output configuration:
 #0: stdout all=warning uptime,level,tags foldmultilines=false
 #1: stderr all=off uptime,level,tags foldmultilines=false

Environment Variables:
PATH=C:\Program Files\Common Files\Oracle\Java\javapath;C:\WINDOWS\system32;C:\WINDOWS;C:\WINDOWS\System32\Wbem;C:\WINDOWS\System32\WindowsPowerShell\v1.0\;C:\WINDOWS\System32\OpenSSH\;C:\Program Files\Git\cmd;C:\Program Files\Java\jdk-24\bin;C:\Users\lunes\scoop\apps\maven\current\bin;C:\Users\lunes\scoop\shims;C:\Users\lunes\AppData\Local\Microsoft\WindowsApps;C:\Users\lunes\AppData\Local\Programs\Microsoft VS Code\bin
USERNAME=lunes
OS=Windows_NT
PROCESSOR_IDENTIFIER=Intel64 Family 6 Model 122 Stepping 8, GenuineIntel
TMP=C:\Users\lunes\AppData\Local\Temp
TEMP=C:\Users\lunes\AppData\Local\Temp




Periodic native trim disabled

---------------  S Y S T E M  ---------------

OS:
 Windows 11 , 64 bit Build 22621 (10.0.22621.5262)
OS uptime: 0 days 0:45 hours

CPU: total 4 (initial active 4) (4 cores per cpu, 1 threads per core) family 6 model 122 stepping 8 microcode 0x18, cx8, cmov, fxsr, mmx, 3dnowpref, sse, sse2, sse3, ssse3, sse4.1, sse4.2, popcnt, tsc, tscinvbit, aes, erms, clmul, sha, clflush, clflushopt, rdtscp, rdpid
Processor Information for the first 4 processors :
  Max Mhz: 1101, Current Mhz: 1101, Mhz Limit: 1101

Memory: 4k page, system-wide physical 3917M (275M free)
TotalPageFile size 8098M (AvailPageFile size 1M)
current process WorkingSet (physical memory assigned to process): 133M, peak: 133M
current process commit charge ("private bytes"): 181M, peak: 181M

vm_info: Java HotSpot(TM) 64-Bit Server VM (24.0.2+12-54) for windows-amd64 JRE (24.0.2+12-54), built on 2025-07-08T12:10:27Z with MS VC++ 17.6 (VS2022)

END.
