#
# There is insufficient memory for the Java Runtime Environment to continue.
# Native memory allocation (malloc) failed to allocate 1048576 bytes. Error detail: AllocateHeap
# Possible reasons:
#   The system is out of physical RAM or swap space
#   This process is running with CompressedOops enabled, and the Java Heap may be blocking the growth of the native heap
# Possible solutions:
#   Reduce memory load on the system
#   Increase physical memory or swap space
#   Check if swap backing store is full
#   Decrease Java heap size (-Xmx/-Xms)
#   Decrease number of Java threads
#   Decrease Java thread stack sizes (-Xss)
#   Set larger code cache with -XX:ReservedCodeCacheSize=
#   JVM is running with Unscaled Compressed Oops mode in which the Java heap is
#     placed in the first 4GB address space. The Java Heap base address is the
#     maximum limit for the native heap growth. Please use -XX:HeapBaseMinAddress
#     to set the Java Heap base and to place the Java Heap above 4GB virtual address.
# This output file may be truncated or incomplete.
#
#  Out of Memory Error (allocation.cpp:44), pid=2480, tid=5948
#
# JRE version:  (24.0.2+12) (build )
# Java VM: Java HotSpot(TM) 64-Bit Server VM (24.0.2+12-54, mixed mode, sharing, tiered, compressed oops, compressed class ptrs, g1 gc, windows-amd64)
# No core dump will be written. Minidumps are not enabled by default on client versions of Windows
#

---------------  S U M M A R Y ------------

Command Line: --enable-native-access=ALL-UNNAMED -Dclassworlds.conf=C:\Users\lunes\scoop\apps\maven\current\bin\m2.conf -Dmaven.home=C:\Users\lunes\scoop\apps\maven\current -Dlibrary.jansi.path=C:\Users\lunes\scoop\apps\maven\current\lib\jansi-native -Dmaven.multiModuleProjectDirectory=C:\Users\lunes\java-prog-group-3 org.codehaus.plexus.classworlds.launcher.Launcher clean compile exec:java

Host: Intel(R) Celeron(R) N4120 CPU @ 1.10GHz, 4 cores, 3G,  Windows 11 , 64 bit Build 22621 (10.0.22621.5262)
Time: Fri Sep  5 11:31:47 2025 Malay Peninsula Standard Time elapsed time: 0.311676 seconds (0d 0h 0m 0s)

---------------  T H R E A D  ---------------

Current thread (0x000001fad0c72780):  JavaThread "Unknown thread" [_thread_in_vm, id=5948, stack(0x000000740b000000,0x000000740b100000) (1024K)]

Stack: [0x000000740b000000,0x000000740b100000]
Native frames: (J=compiled Java code, j=interpreted, Vv=VM code, C=native code)
V  [jvm.dll+0x730829]  (no source info available)
V  [jvm.dll+0x8d9da3]  (no source info available)
V  [jvm.dll+0x8dc28d]  (no source info available)
V  [jvm.dll+0x8dc903]  (no source info available)
V  [jvm.dll+0x2a9f56]  (no source info available)
V  [jvm.dll+0xbea27]  (no source info available)
V  [jvm.dll+0x35ad78]  (no source info available)
V  [jvm.dll+0x89d4d3]  (no source info available)
V  [jvm.dll+0x3f979d]  (no source info available)
V  [jvm.dll+0x885b66]  (no source info available)
V  [jvm.dll+0x495e7e]  (no source info available)
V  [jvm.dll+0x497c51]  (no source info available)
C  [jli.dll+0x52a1]  (no source info available)
C  [ucrtbase.dll+0x29333]  (no source info available)
C  [KERNEL32.DLL+0x1259d]  (no source info available)
C  [ntdll.dll+0x5af58]  (no source info available)

Lock stack of current Java thread (top to bottom):


---------------  P R O C E S S  ---------------

Threads class SMR info:
_java_thread_list=0x00007ffffa83f318, length=0, elements={
}

Java Threads: ( => current thread )
Total: 0

Other Threads:

=>0x000001fad0c72780 (exited) JavaThread "Unknown thread"    [_thread_in_vm, id=5948, stack(0x000000740b000000,0x000000740b100000) (1024K)]
Total: 1

Threads with active compile tasks:
Total: 0

VM state: not at safepoint (not fully initialized)

VM Mutex/Monitor currently owned by a thread: None

Heap address: 0x0000000000000000, size: 0 MB, Compressed Oops mode: 32-bit

CDS archive(s) mapped at: [0x0000000000000000-0x0000000000000000-0x0000000000000000), size 0, SharedBaseAddress: 0x0000000800000000, ArchiveRelocationMode: 1.
UseCompressedClassPointers 1, UseCompactObjectHeaders 0
Narrow klass pointer bits 32, Max shift 3
Narrow klass base: 0xffffffffffffffff, Narrow klass shift: -1
Encoding Range: [0xffffffffffffffff - 0x000000007fffffff), (2147483648 bytes)
Klass Range:    [0x0000000000000000 - 0x0000000000000000), (0 bytes)
Klass ID Range:  [4294967295 - 0) (1)

GC Precious Log:
 CardTable entry size: 512
 Card Set container configuration: InlinePtr #cards 5 size 8 Array Of Cards #cards 10 size 36 Howl #buckets 4 coarsen threshold 1843 Howl Bitmap #cards 512 size 80 coarsen threshold 460 Card regions per heap region 1 cards per card region 2048

GC Heap History (0 events):
No events

Dll operation events (1 events):
Event: 0.170 Loaded shared library C:\Program Files\Java\jdk-24\bin\java.dll

Deoptimization events (0 events):
No events

Classes loaded (0 events):
No events

Classes unloaded (0 events):
No events

Classes redefined (0 events):
No events

Internal exceptions (0 events):
No events

VM Operations (0 events):
No events

Memory protections (0 events):
No events

Nmethod flushes (0 events):
No events

Events (0 events):
No events


Dynamic libraries:
0x00007ff609d40000 - 0x00007ff609d50000 	C:\Program Files\Java\jdk-24\bin\java.exe
0x00007ff86e970000 - 0x00007ff86eb87000 	C:\WINDOWS\SYSTEM32\ntdll.dll
0x00007ff86d030000 - 0x00007ff86d0f4000 	C:\WINDOWS\System32\KERNEL32.DLL
0x00007ff86bf00000 - 0x00007ff86c2d3000 	C:\WINDOWS\System32\KERNELBASE.dll
0x00007ff86c450000 - 0x00007ff86c561000 	C:\WINDOWS\System32\ucrtbase.dll
0x00007ff856fe0000 - 0x00007ff856ffb000 	C:\Program Files\Java\jdk-24\bin\VCRUNTIME140.dll
0x00007ff847190000 - 0x00007ff8471a6000 	C:\Program Files\Java\jdk-24\bin\jli.dll
0x00007ff86d1c0000 - 0x00007ff86d371000 	C:\WINDOWS\System32\USER32.dll
0x00007ff854fd0000 - 0x00007ff85526b000 	C:\WINDOWS\WinSxS\amd64_microsoft.windows.common-controls_6595b64144ccf1df_6.0.22621.5262_none_2712bde373830908\COMCTL32.dll
0x00007ff86c2e0000 - 0x00007ff86c306000 	C:\WINDOWS\System32\win32u.dll
0x00007ff86d710000 - 0x00007ff86d7b7000 	C:\WINDOWS\System32\msvcrt.dll
0x00007ff86d5d0000 - 0x00007ff86d5f9000 	C:\WINDOWS\System32\GDI32.dll
0x00007ff86ba70000 - 0x00007ff86bb92000 	C:\WINDOWS\System32\gdi32full.dll
0x00007ff86c570000 - 0x00007ff86c60a000 	C:\WINDOWS\System32\msvcp_win.dll
0x00007ff86d180000 - 0x00007ff86d1b1000 	C:\WINDOWS\System32\IMM32.DLL
0x00007ff867ee0000 - 0x00007ff867eec000 	C:\Program Files\Java\jdk-24\bin\vcruntime140_1.dll
0x00007ff8677a0000 - 0x00007ff86782e000 	C:\Program Files\Java\jdk-24\bin\msvcp140.dll
0x00007ffff9c00000 - 0x00007ffffa9a1000 	C:\Program Files\Java\jdk-24\bin\server\jvm.dll
0x00007ff86e870000 - 0x00007ff86e921000 	C:\WINDOWS\System32\ADVAPI32.dll
0x00007ff86d7d0000 - 0x00007ff86d877000 	C:\WINDOWS\System32\sechost.dll
0x00007ff86bba0000 - 0x00007ff86bbc8000 	C:\WINDOWS\System32\bcrypt.dll
0x00007ff86e660000 - 0x00007ff86e774000 	C:\WINDOWS\System32\RPCRT4.dll
0x00007ff86e780000 - 0x00007ff86e7f1000 	C:\WINDOWS\System32\WS2_32.dll
0x00007ff86b950000 - 0x00007ff86b99d000 	C:\WINDOWS\SYSTEM32\POWRPROF.dll
0x00007ff863ed0000 - 0x00007ff863f04000 	C:\WINDOWS\SYSTEM32\WINMM.dll
0x00007ff866710000 - 0x00007ff86671a000 	C:\WINDOWS\SYSTEM32\VERSION.dll
0x00007ff86b930000 - 0x00007ff86b943000 	C:\WINDOWS\SYSTEM32\UMPDC.dll
0x00007ff86aab0000 - 0x00007ff86aac8000 	C:\WINDOWS\SYSTEM32\kernel.appcore.dll
0x00007ff853900000 - 0x00007ff85390a000 	C:\Program Files\Java\jdk-24\bin\jimage.dll
0x00007ff869680000 - 0x00007ff8698b2000 	C:\WINDOWS\SYSTEM32\DBGHELP.DLL
0x00007ff86e2c0000 - 0x00007ff86e653000 	C:\WINDOWS\System32\combase.dll
0x00007ff86de10000 - 0x00007ff86dee7000 	C:\WINDOWS\System32\OLEAUT32.dll
0x00007ff847980000 - 0x00007ff8479b2000 	C:\WINDOWS\SYSTEM32\dbgcore.DLL
0x00007ff86c310000 - 0x00007ff86c38b000 	C:\WINDOWS\System32\bcryptPrimitives.dll
0x00007ff856fc0000 - 0x00007ff856fde000 	C:\Program Files\Java\jdk-24\bin\java.dll
0x00007ff86e100000 - 0x00007ff86e2a1000 	C:\WINDOWS\System32\ole32.dll
0x00007ff86c610000 - 0x00007ff86cead000 	C:\WINDOWS\System32\SHELL32.dll
0x00007ff86bc50000 - 0x00007ff86bd8f000 	C:\WINDOWS\System32\wintypes.dll

JVMTI agents: none

dbghelp: loaded successfully - version: 4.0.5 - missing functions: none
symbol engine: initialized successfully - sym options: 0x614 - pdb path: .;C:\Program Files\Java\jdk-24\bin;C:\WINDOWS\SYSTEM32;C:\WINDOWS\WinSxS\amd64_microsoft.windows.common-controls_6595b64144ccf1df_6.0.22621.5262_none_2712bde373830908;C:\Program Files\Java\jdk-24\bin\server

VM Arguments:
jvm_args: --enable-native-access=ALL-UNNAMED -Dclassworlds.conf=C:\Users\lunes\scoop\apps\maven\current\bin\m2.conf -Dmaven.home=C:\Users\lunes\scoop\apps\maven\current -Dlibrary.jansi.path=C:\Users\lunes\scoop\apps\maven\current\lib\jansi-native -Dmaven.multiModuleProjectDirectory=C:\Users\lunes\java-prog-group-3 
java_command: org.codehaus.plexus.classworlds.launcher.Launcher clean compile exec:java
java_class_path (initial): C:\Users\lunes\scoop\apps\maven\current\boot\plexus-classworlds-2.9.0.jar
Launcher Type: SUN_STANDARD

[Global flags]
     intx CICompilerCount                          = 3                                         {product} {ergonomic}
     uint ConcGCThreads                            = 1                                         {product} {ergonomic}
     uint G1ConcRefinementThreads                  = 4                                         {product} {ergonomic}
   size_t G1HeapRegionSize                         = 1048576                                   {product} {ergonomic}
   size_t InitialHeapSize                          = 65011712                                  {product} {ergonomic}
   size_t MarkStackSize                            = 4194304                                   {product} {ergonomic}
   size_t MaxHeapSize                              = 1027604480                                {product} {ergonomic}
   size_t MinHeapDeltaBytes                        = 1048576                                   {product} {ergonomic}
   size_t MinHeapSize                              = 8388608                                   {product} {ergonomic}
    uintx NonNMethodCodeHeapSize                   = 5832704                                {pd product} {ergonomic}
    uintx NonProfiledCodeHeapSize                  = 122945536                              {pd product} {ergonomic}
    uintx ProfiledCodeHeapSize                     = 122880000                              {pd product} {ergonomic}
    uintx ReservedCodeCacheSize                    = 251658240                              {pd product} {ergonomic}
     bool SegmentedCodeCache                       = true                                      {product} {ergonomic}
   size_t SoftMaxHeapSize                          = 1027604480                             {manageable} {ergonomic}
     bool UseCompressedOops                        = true                           {product lp64_product} {ergonomic}
     bool UseG1GC                                  = true                                      {product} {ergonomic}
     bool UseLargePagesIndividualAllocation        = false                                  {pd product} {ergonomic}

Logging:
Log output configuration:
 #0: stdout all=warning uptime,level,tags foldmultilines=false
 #1: stderr all=off uptime,level,tags foldmultilines=false

Environment Variables:
PATH=C:\Program Files\Common Files\Oracle\Java\javapath;C:\WINDOWS\system32;C:\WINDOWS;C:\WINDOWS\System32\Wbem;C:\WINDOWS\System32\WindowsPowerShell\v1.0\;C:\WINDOWS\System32\OpenSSH\;C:\Program Files\Git\cmd;C:\Program Files\Java\jdk-24\bin;C:\Users\lunes\scoop\apps\maven\current\bin;C:\Users\lunes\scoop\shims;C:\Users\lunes\AppData\Local\Microsoft\WindowsApps;C:\Users\lunes\AppData\Local\Programs\Microsoft VS Code\bin
USERNAME=lunes
OS=Windows_NT
PROCESSOR_IDENTIFIER=Intel64 Family 6 Model 122 Stepping 8, GenuineIntel
TMP=C:\Users\lunes\AppData\Local\Temp
TEMP=C:\Users\lunes\AppData\Local\Temp




Periodic native trim disabled

---------------  S Y S T E M  ---------------

OS:
 Windows 11 , 64 bit Build 22621 (10.0.22621.5262)
OS uptime: 0 days 0:55 hours

CPU: total 4 (initial active 4) (4 cores per cpu, 1 threads per core) family 6 model 122 stepping 8 microcode 0x18, cx8, cmov, fxsr, mmx, 3dnowpref, sse, sse2, sse3, ssse3, sse4.1, sse4.2, popcnt, tsc, tscinvbit, aes, erms, clmul, sha, clflush, clflushopt, rdtscp, rdpid
Processor Information for the first 4 processors :
  Max Mhz: 1101, Current Mhz: 900, Mhz Limit: 1101

Memory: 4k page, system-wide physical 3917M (349M free)
TotalPageFile size 8098M (AvailPageFile size 4M)
current process WorkingSet (physical memory assigned to process): 11M, peak: 11M
current process commit charge ("private bytes"): 12M, peak: 13M

vm_info: Java HotSpot(TM) 64-Bit Server VM (24.0.2+12-54) for windows-amd64 JRE (24.0.2+12-54), built on 2025-07-08T12:10:27Z with MS VC++ 17.6 (VS2022)

END.
